<?xml version="1.0" encoding="UTF-8"?>
<!-- Generated by org.testng.reporters.JUnitReportReporter -->
<testsuite skipped="0" hostname="hp" name="com.FreeCRM.Test_Classes.FreeCRM_Page_Test_TC_001" tests="4" failures="0" timestamp="2020-01-28T03:25:58 IST" time="11.735" errors="0">
  <testcase name="freeCRM_test_text" time="11.622" classname="com.FreeCRM.Test_Classes.FreeCRM_Page_Test_TC_001"/>
  <testcase name="freeCrm_Signup_link" time="0.064" classname="com.FreeCRM.Test_Classes.FreeCRM_Page_Test_TC_001"/>
  <testcase name="freeCrm_getTitle" time="0.019" classname="com.FreeCRM.Test_Classes.FreeCRM_Page_Test_TC_001"/>
  <testcase name="freeCrm_test_currentURL" time="0.030" classname="com.FreeCRM.Test_Classes.FreeCRM_Page_Test_TC_001"/>
</testsuite> <!-- com.FreeCRM.Test_Classes.FreeCRM_Page_Test_TC_001 -->
