<?xml version="1.0" encoding="UTF-8"?>
<!-- Generated by org.testng.reporters.JUnitReportReporter -->
<testsuite skipped="0" hostname="hp" name="com.FreeCRM.Test_Classes.Test_login" tests="1" failures="0" timestamp="2019-12-28T12:13:54 IST" time="26.808" errors="0">
  <testcase name="test" time="26.808" classname="com.FreeCRM.Test_Classes.Test_login"/>
</testsuite> <!-- com.FreeCRM.Test_Classes.Test_login -->
