<?xml version="1.0" encoding="UTF-8"?>
<!-- Generated by org.testng.reporters.JUnitReportReporter -->
<testsuite skipped="0" hostname="hp" name="com.FreeCRM.Test_Classes.FreeCRM_Page_Test" tests="4" failures="0" timestamp="2020-01-29T05:46:42 IST" time="5.444" errors="0">
  <testcase name="freeCRM_test_text" time="5.183" classname="com.FreeCRM.Test_Classes.FreeCRM_Page_Test"/>
  <testcase name="freeCrm_Signup_link" time="0.101" classname="com.FreeCRM.Test_Classes.FreeCRM_Page_Test"/>
  <testcase name="freeCrm_getTitle" time="0.042" classname="com.FreeCRM.Test_Classes.FreeCRM_Page_Test"/>
  <testcase name="freeCrm_test_currentURL" time="0.118" classname="com.FreeCRM.Test_Classes.FreeCRM_Page_Test"/>
</testsuite> <!-- com.FreeCRM.Test_Classes.FreeCRM_Page_Test -->
